<?xml version="1.0" encoding="UTF-8"?>
<!-- Generated by org.testng.reporters.JUnitReportReporter -->
<testsuite hostname="LAPTOP-93L7FD0E" failures="0" tests="3" name="tc_Repositary.LoginPageTest" time="0.225" errors="0" timestamp="2025-09-07T14:51:57 IST" skipped="0">
  <testcase classname="tc_Repositary.LoginPageTest" name="testInvalidLoginShowErrorMsg" time="0.198"/>
  <system-out/>
  <testcase classname="tc_Repositary.LoginPageTest" name="testPasswordMaskedButton" time="0.020"/>
  <system-out/>
  <testcase classname="tc_Repositary.LoginPageTest" name="testLoginButtonDisabledWhenFieldsAreEmpty" time="0.007"/>
  <system-out/>
</testsuite> <!-- tc_Repositary.LoginPageTest -->
